"4625","prod-bill-srv","System.Byte[]","232756","(12544)","12544","FailureAudit","An account failed to log on.

Subject:
	Security ID:		S-1-0-0
	Account Name:		-
	Account Domain:		-
	Logon ID:		0x0

Logon Type:			3

Account For Which Logon Failed:
	Security ID:		S-1-0-0
	Account Name:		LNOBLE
	Account Domain:		

Failure Information:
	Failure Reason:		%%2313
	Status:			0xc000006d
	Sub Status:		0xc0000064

Process Information:
	Caller Process ID:	0x0
	Caller Process Name:	-

Network Information:
	Workstation Name:	-
	Source Network Address:	185.39.19.60
	Source Port:		0

Detailed Authentication Information:
	Logon Process:		NtLmSsp 
	Authentication Package:	NTLM
	Transited Services:	-
	Package Name (NTLM only):	-
	Key Length:		0

This event is generated when a logon request fails. It is generated on the computer where access was attempted.

The Subject fields indicate the account on the local system which requested the logon. This is most commonly a service such as the Server service, or a local process such as Winlogon.exe or Services.exe.

The Logon Type field indicates the kind of logon that was requested. The most common types are 2 (interactive) and 3 (network).

The Process Information fields indicate which account and process on the system requested the logon.

The Network Information fields indicate where a remote logon request originated. Workstation name is not always available and may be left blank in some cases.

The authentication information fields provide detailed information about this specific logon request.
	- Transited services indicate which intermediate services have participated in this logon request.
	- Package name indicates which sub-protocol was used among the NTLM protocols.
	- Key length indicates the length of the generated session key. This will be 0 if no session key was requested.","Microsoft-Windows-Security-Auditing","System.String[]","4625","5/21/2025 8:36:57 AM","5/21/2025 8:36:57 AM",,,
"4625","prod-bill-srv","System.Byte[]","232755","(12544)","12544","FailureAudit","An account failed to log on.

Subject:
	Security ID:		S-1-0-0
	Account Name:		-
	Account Domain:		-
	Logon ID:		0x0

Logon Type:			3

Account For Which Logon Failed:
	Security ID:		S-1-0-0
	Account Name:		Admin
	Account Domain:		PROD-BILL-SRV

Failure Information:
	Failure Reason:		%%2313
	Status:			0xc000006d
	Sub Status:		0xc0000064

Process Information:
	Caller Process ID:	0x0
	Caller Process Name:	-

Network Information:
	Workstation Name:	WIN-1J64VM0407C
	Source Network Address:	91.238.181.42
	Source Port:		0

Detailed Authentication Information:
	Logon Process:		NtLmSsp 
	Authentication Package:	NTLM
	Transited Services:	-
	Package Name (NTLM only):	-
	Key Length:		0

This event is generated when a logon request fails. It is generated on the computer where access was attempted.

The Subject fields indicate the account on the local system which requested the logon. This is most commonly a service such as the Server service, or a local process such as Winlogon.exe or Services.exe.

The Logon Type field indicates the kind of logon that was requested. The most common types are 2 (interactive) and 3 (network).

The Process Information fields indicate which account and process on the system requested the logon.

The Network Information fields indicate where a remote logon request originated. Workstation name is not always available and may be left blank in some cases.

The authentication information fields provide detailed information about this specific logon request.
	- Transited services indicate which intermediate services have participated in this logon request.
	- Package name indicates which sub-protocol was used among the NTLM protocols.
	- Key length indicates the length of the generated session key. This will be 0 if no session key was requested.","Microsoft-Windows-Security-Auditing","System.String[]","4625","5/21/2025 8:36:56 AM","5/21/2025 8:36:56 AM",,,
"4625","prod-bill-srv","System.Byte[]","232754","(12544)","12544","FailureAudit","An account failed to log on.

Subject:
	Security ID:		S-1-0-0
	Account Name:		-
	Account Domain:		-
	Logon ID:		0x0

Logon Type:			3

Account For Which Logon Failed:
	Security ID:		S-1-0-0
	Account Name:		Admin
	Account Domain:		PROD-BILL-SRV

Failure Information:
	Failure Reason:		%%2313
	Status:			0xc000006d
	Sub Status:		0xc0000064

Process Information:
	Caller Process ID:	0x0
	Caller Process Name:	-

Network Information:
	Workstation Name:	WIN-1J64VM0407C
	Source Network Address:	91.238.181.42
	Source Port:		0

Detailed Authentication Information:
	Logon Process:		NtLmSsp 
	Authentication Package:	NTLM
	Transited Services:	-
	Package Name (NTLM only):	-
	Key Length:		0

This event is generated when a logon request fails. It is generated on the computer where access was attempted.

The Subject fields indicate the account on the local system which requested the logon. This is most commonly a service such as the Server service, or a local process such as Winlogon.exe or Services.exe.

The Logon Type field indicates the kind of logon that was requested. The most common types are 2 (interactive) and 3 (network).

The Process Information fields indicate which account and process on the system requested the logon.

The Network Information fields indicate where a remote logon request originated. Workstation name is not always available and may be left blank in some cases.

The authentication information fields provide detailed information about this specific logon request.
	- Transited services indicate which intermediate services have participated in this logon request.
	- Package name indicates which sub-protocol was used among the NTLM protocols.
	- Key length indicates the length of the generated session key. This will be 0 if no session key was requested.","Microsoft-Windows-Security-Auditing","System.String[]","4625","5/21/2025 8:36:53 AM","5/21/2025 8:36:53 AM",,,
"4625","prod-bill-srv","System.Byte[]","232753","(12544)","12544","FailureAudit","An account failed to log on.

Subject:
	Security ID:		S-1-0-0
	Account Name:		-
	Account Domain:		-
	Logon ID:		0x0

Logon Type:			3

Account For Which Logon Failed:
	Security ID:		S-1-0-0
	Account Name:		MLARSON
	Account Domain:		

Failure Information:
	Failure Reason:		%%2313
	Status:			0xc000006d
	Sub Status:		0xc0000064

Process Information:
	Caller Process ID:	0x0
	Caller Process Name:	-

Network Information:
	Workstation Name:	-
	Source Network Address:	89.248.163.186
	Source Port:		0

Detailed Authentication Information:
	Logon Process:		NtLmSsp 
	Authentication Package:	NTLM
	Transited Services:	-
	Package Name (NTLM only):	-
	Key Length:		0

This event is generated when a logon request fails. It is generated on the computer where access was attempted.

The Subject fields indicate the account on the local system which requested the logon. This is most commonly a service such as the Server service, or a local process such as Winlogon.exe or Services.exe.

The Logon Type field indicates the kind of logon that was requested. The most common types are 2 (interactive) and 3 (network).

The Process Information fields indicate which account and process on the system requested the logon.

The Network Information fields indicate where a remote logon request originated. Workstation name is not always available and may be left blank in some cases.

The authentication information fields provide detailed information about this specific logon request.
	- Transited services indicate which intermediate services have participated in this logon request.
	- Package name indicates which sub-protocol was used among the NTLM protocols.
	- Key length indicates the length of the generated session key. This will be 0 if no session key was requested.","Microsoft-Windows-Security-Auditing","System.String[]","4625","5/21/2025 8:36:53 AM","5/21/2025 8:36:53 AM",,,
"4625","prod-bill-srv","System.Byte[]","232752","(12544)","12544","FailureAudit","An account failed to log on.

Subject:
	Security ID:		S-1-0-0
	Account Name:		-
	Account Domain:		-
	Logon ID:		0x0

Logon Type:			3

Account For Which Logon Failed:
	Security ID:		S-1-0-0
	Account Name:		Admin
	Account Domain:		PROD-BILL-SRV

Failure Information:
	Failure Reason:		%%2313
	Status:			0xc000006d
	Sub Status:		0xc0000064

Process Information:
	Caller Process ID:	0x0
	Caller Process Name:	-

Network Information:
	Workstation Name:	WIN-1J64VM0407C
	Source Network Address:	91.238.181.42
	Source Port:		0

Detailed Authentication Information:
	Logon Process:		NtLmSsp 
	Authentication Package:	NTLM
	Transited Services:	-
	Package Name (NTLM only):	-
	Key Length:		0

This event is generated when a logon request fails. It is generated on the computer where access was attempted.

The Subject fields indicate the account on the local system which requested the logon. This is most commonly a service such as the Server service, or a local process such as Winlogon.exe or Services.exe.

The Logon Type field indicates the kind of logon that was requested. The most common types are 2 (interactive) and 3 (network).

The Process Information fields indicate which account and process on the system requested the logon.

The Network Information fields indicate where a remote logon request originated. Workstation name is not always available and may be left blank in some cases.

The authentication information fields provide detailed information about this specific logon request.
	- Transited services indicate which intermediate services have participated in this logon request.
	- Package name indicates which sub-protocol was used among the NTLM protocols.
	- Key length indicates the length of the generated session key. This will be 0 if no session key was requested.","Microsoft-Windows-Security-Auditing","System.String[]","4625","5/21/2025 8:36:50 AM","5/21/2025 8:36:50 AM",,,
"4625","prod-bill-srv","System.Byte[]","232751","(12544)","12544","FailureAudit","An account failed to log on.

Subject:
	Security ID:		S-1-0-0
	Account Name:		-
	Account Domain:		-
	Logon ID:		0x0

Logon Type:			3

Account For Which Logon Failed:
	Security ID:		S-1-0-0
	Account Name:		TNOWLIN
	Account Domain:		

Failure Information:
	Failure Reason:		%%2313
	Status:			0xc000006d
	Sub Status:		0xc0000064

Process Information:
	Caller Process ID:	0x0
	Caller Process Name:	-

Network Information:
	Workstation Name:	-
	Source Network Address:	185.39.19.58
	Source Port:		0

Detailed Authentication Information:
	Logon Process:		NtLmSsp 
	Authentication Package:	NTLM
	Transited Services:	-
	Package Name (NTLM only):	-
	Key Length:		0

This event is generated when a logon request fails. It is generated on the computer where access was attempted.

The Subject fields indicate the account on the local system which requested the logon. This is most commonly a service such as the Server service, or a local process such as Winlogon.exe or Services.exe.

The Logon Type field indicates the kind of logon that was requested. The most common types are 2 (interactive) and 3 (network).

The Process Information fields indicate which account and process on the system requested the logon.

The Network Information fields indicate where a remote logon request originated. Workstation name is not always available and may be left blank in some cases.

The authentication information fields provide detailed information about this specific logon request.
	- Transited services indicate which intermediate services have participated in this logon request.
	- Package name indicates which sub-protocol was used among the NTLM protocols.
	- Key length indicates the length of the generated session key. This will be 0 if no session key was requested.","Microsoft-Windows-Security-Auditing","System.String[]","4625","5/21/2025 8:36:49 AM","5/21/2025 8:36:49 AM",,,
"4625","prod-bill-srv","System.Byte[]","232750","(12544)","12544","FailureAudit","An account failed to log on.

Subject:
	Security ID:		S-1-0-0
	Account Name:		-
	Account Domain:		-
	Logon ID:		0x0

Logon Type:			3

Account For Which Logon Failed:
	Security ID:		S-1-0-0
	Account Name:		LBAILEY
	Account Domain:		

Failure Information:
	Failure Reason:		%%2313
	Status:			0xc000006d
	Sub Status:		0xc0000064

Process Information:
	Caller Process ID:	0x0
	Caller Process Name:	-

Network Information:
	Workstation Name:	-
	Source Network Address:	179.60.146.34
	Source Port:		0

Detailed Authentication Information:
	Logon Process:		NtLmSsp 
	Authentication Package:	NTLM
	Transited Services:	-
	Package Name (NTLM only):	-
	Key Length:		0

This event is generated when a logon request fails. It is generated on the computer where access was attempted.

The Subject fields indicate the account on the local system which requested the logon. This is most commonly a service such as the Server service, or a local process such as Winlogon.exe or Services.exe.

The Logon Type field indicates the kind of logon that was requested. The most common types are 2 (interactive) and 3 (network).

The Process Information fields indicate which account and process on the system requested the logon.

The Network Information fields indicate where a remote logon request originated. Workstation name is not always available and may be left blank in some cases.

The authentication information fields provide detailed information about this specific logon request.
	- Transited services indicate which intermediate services have participated in this logon request.
	- Package name indicates which sub-protocol was used among the NTLM protocols.
	- Key length indicates the length of the generated session key. This will be 0 if no session key was requested.","Microsoft-Windows-Security-Auditing","System.String[]","4625","5/21/2025 8:36:48 AM","5/21/2025 8:36:48 AM",,,
"4625","prod-bill-srv","System.Byte[]","232749","(12544)","12544","FailureAudit","An account failed to log on.

Subject:
	Security ID:		S-1-0-0
	Account Name:		-
	Account Domain:		-
	Logon ID:		0x0

Logon Type:			3

Account For Which Logon Failed:
	Security ID:		S-1-0-0
	Account Name:		DBARRERA
	Account Domain:		

Failure Information:
	Failure Reason:		%%2313
	Status:			0xc000006d
	Sub Status:		0xc0000064

Process Information:
	Caller Process ID:	0x0
	Caller Process Name:	-

Network Information:
	Workstation Name:	-
	Source Network Address:	185.39.19.57
	Source Port:		0

Detailed Authentication Information:
	Logon Process:		NtLmSsp 
	Authentication Package:	NTLM
	Transited Services:	-
	Package Name (NTLM only):	-
	Key Length:		0

This event is generated when a logon request fails. It is generated on the computer where access was attempted.

The Subject fields indicate the account on the local system which requested the logon. This is most commonly a service such as the Server service, or a local process such as Winlogon.exe or Services.exe.

The Logon Type field indicates the kind of logon that was requested. The most common types are 2 (interactive) and 3 (network).

The Process Information fields indicate which account and process on the system requested the logon.

The Network Information fields indicate where a remote logon request originated. Workstation name is not always available and may be left blank in some cases.

The authentication information fields provide detailed information about this specific logon request.
	- Transited services indicate which intermediate services have participated in this logon request.
	- Package name indicates which sub-protocol was used among the NTLM protocols.
	- Key length indicates the length of the generated session key. This will be 0 if no session key was requested.","Microsoft-Windows-Security-Auditing","System.String[]","4625","5/21/2025 8:36:46 AM","5/21/2025 8:36:46 AM",,,
"4625","prod-bill-srv","System.Byte[]","232748","(12544)","12544","FailureAudit","An account failed to log on.

Subject:
	Security ID:		S-1-0-0
	Account Name:		-
	Account Domain:		-
	Logon ID:		0x0

Logon Type:			3

Account For Which Logon Failed:
	Security ID:		S-1-0-0
	Account Name:		TELLIS
	Account Domain:		

Failure Information:
	Failure Reason:		%%2313
	Status:			0xc000006d
	Sub Status:		0xc0000064

Process Information:
	Caller Process ID:	0x0
	Caller Process Name:	-

Network Information:
	Workstation Name:	-
	Source Network Address:	179.60.146.35
	Source Port:		0

Detailed Authentication Information:
	Logon Process:		NtLmSsp 
	Authentication Package:	NTLM
	Transited Services:	-
	Package Name (NTLM only):	-
	Key Length:		0

This event is generated when a logon request fails. It is generated on the computer where access was attempted.

The Subject fields indicate the account on the local system which requested the logon. This is most commonly a service such as the Server service, or a local process such as Winlogon.exe or Services.exe.

The Logon Type field indicates the kind of logon that was requested. The most common types are 2 (interactive) and 3 (network).

The Process Information fields indicate which account and process on the system requested the logon.

The Network Information fields indicate where a remote logon request originated. Workstation name is not always available and may be left blank in some cases.

The authentication information fields provide detailed information about this specific logon request.
	- Transited services indicate which intermediate services have participated in this logon request.
	- Package name indicates which sub-protocol was used among the NTLM protocols.
	- Key length indicates the length of the generated session key. This will be 0 if no session key was requested.","Microsoft-Windows-Security-Auditing","System.String[]","4625","5/21/2025 8:36:44 AM","5/21/2025 8:36:44 AM",,,
"4625","prod-bill-srv","System.Byte[]","232747","(12544)","12544","FailureAudit","An account failed to log on.

Subject:
	Security ID:		S-1-0-0
	Account Name:		-
	Account Domain:		-
	Logon ID:		0x0

Logon Type:			3

Account For Which Logon Failed:
	Security ID:		S-1-0-0
	Account Name:		MLOVELL
	Account Domain:		

Failure Information:
	Failure Reason:		%%2313
	Status:			0xc000006d
	Sub Status:		0xc0000064

Process Information:
	Caller Process ID:	0x0
	Caller Process Name:	-

Network Information:
	Workstation Name:	-
	Source Network Address:	185.39.19.62
	Source Port:		0

Detailed Authentication Information:
	Logon Process:		NtLmSsp 
	Authentication Package:	NTLM
	Transited Services:	-
	Package Name (NTLM only):	-
	Key Length:		0

This event is generated when a logon request fails. It is generated on the computer where access was attempted.

The Subject fields indicate the account on the local system which requested the logon. This is most commonly a service such as the Server service, or a local process such as Winlogon.exe or Services.exe.

The Logon Type field indicates the kind of logon that was requested. The most common types are 2 (interactive) and 3 (network).

The Process Information fields indicate which account and process on the system requested the logon.

The Network Information fields indicate where a remote logon request originated. Workstation name is not always available and may be left blank in some cases.

The authentication information fields provide detailed information about this specific logon request.
	- Transited services indicate which intermediate services have participated in this logon request.
	- Package name indicates which sub-protocol was used among the NTLM protocols.
	- Key length indicates the length of the generated session key. This will be 0 if no session key was requested.","Microsoft-Windows-Security-Auditing","System.String[]","4625","5/21/2025 8:36:44 AM","5/21/2025 8:36:44 AM",,,
"4625","prod-bill-srv","System.Byte[]","232746","(12544)","12544","FailureAudit","An account failed to log on.

Subject:
	Security ID:		S-1-0-0
	Account Name:		-
	Account Domain:		-
	Logon ID:		0x0

Logon Type:			3

Account For Which Logon Failed:
	Security ID:		S-1-0-0
	Account Name:		GORDON
	Account Domain:		

Failure Information:
	Failure Reason:		%%2313
	Status:			0xc000006d
	Sub Status:		0xc0000064

Process Information:
	Caller Process ID:	0x0
	Caller Process Name:	-

Network Information:
	Workstation Name:	-
	Source Network Address:	80.82.65.132
	Source Port:		0

Detailed Authentication Information:
	Logon Process:		NtLmSsp 
	Authentication Package:	NTLM
	Transited Services:	-
	Package Name (NTLM only):	-
	Key Length:		0

This event is generated when a logon request fails. It is generated on the computer where access was attempted.

The Subject fields indicate the account on the local system which requested the logon. This is most commonly a service such as the Server service, or a local process such as Winlogon.exe or Services.exe.

The Logon Type field indicates the kind of logon that was requested. The most common types are 2 (interactive) and 3 (network).

The Process Information fields indicate which account and process on the system requested the logon.

The Network Information fields indicate where a remote logon request originated. Workstation name is not always available and may be left blank in some cases.

The authentication information fields provide detailed information about this specific logon request.
	- Transited services indicate which intermediate services have participated in this logon request.
	- Package name indicates which sub-protocol was used among the NTLM protocols.
	- Key length indicates the length of the generated session key. This will be 0 if no session key was requested.","Microsoft-Windows-Security-Auditing","System.String[]","4625","5/21/2025 8:36:43 AM","5/21/2025 8:36:43 AM",,,
"4625","prod-bill-srv","System.Byte[]","232745","(12544)","12544","FailureAudit","An account failed to log on.

Subject:
	Security ID:		S-1-0-0
	Account Name:		-
	Account Domain:		-
	Logon ID:		0x0

Logon Type:			3

Account For Which Logon Failed:
	Security ID:		S-1-0-0
	Account Name:		Admin
	Account Domain:		PROD-BILL-SRV

Failure Information:
	Failure Reason:		%%2313
	Status:			0xc000006d
	Sub Status:		0xc0000064

Process Information:
	Caller Process ID:	0x0
	Caller Process Name:	-

Network Information:
	Workstation Name:	WIN-1J64VM0407C
	Source Network Address:	91.238.181.42
	Source Port:		0

Detailed Authentication Information:
	Logon Process:		NtLmSsp 
	Authentication Package:	NTLM
	Transited Services:	-
	Package Name (NTLM only):	-
	Key Length:		0

This event is generated when a logon request fails. It is generated on the computer where access was attempted.

The Subject fields indicate the account on the local system which requested the logon. This is most commonly a service such as the Server service, or a local process such as Winlogon.exe or Services.exe.

The Logon Type field indicates the kind of logon that was requested. The most common types are 2 (interactive) and 3 (network).

The Process Information fields indicate which account and process on the system requested the logon.

The Network Information fields indicate where a remote logon request originated. Workstation name is not always available and may be left blank in some cases.

The authentication information fields provide detailed information about this specific logon request.
	- Transited services indicate which intermediate services have participated in this logon request.
	- Package name indicates which sub-protocol was used among the NTLM protocols.
	- Key length indicates the length of the generated session key. This will be 0 if no session key was requested.","Microsoft-Windows-Security-Auditing","System.String[]","4625","5/21/2025 8:36:41 AM","5/21/2025 8:36:41 AM",,,
"4625","prod-bill-srv","System.Byte[]","232744","(12544)","12544","FailureAudit","An account failed to log on.

Subject:
	Security ID:		S-1-0-0
	Account Name:		-
	Account Domain:		-
	Logon ID:		0x0

Logon Type:			3

Account For Which Logon Failed:
	Security ID:		S-1-0-0
	Account Name:		Admin
	Account Domain:		PROD-BILL-SRV

Failure Information:
	Failure Reason:		%%2313
	Status:			0xc000006d
	Sub Status:		0xc0000064

Process Information:
	Caller Process ID:	0x0
	Caller Process Name:	-

Network Information:
	Workstation Name:	WIN-1J64VM0407C
	Source Network Address:	91.238.181.42
	Source Port:		0

Detailed Authentication Information:
	Logon Process:		NtLmSsp 
	Authentication Package:	NTLM
	Transited Services:	-
	Package Name (NTLM only):	-
	Key Length:		0

This event is generated when a logon request fails. It is generated on the computer where access was attempted.

The Subject fields indicate the account on the local system which requested the logon. This is most commonly a service such as the Server service, or a local process such as Winlogon.exe or Services.exe.

The Logon Type field indicates the kind of logon that was requested. The most common types are 2 (interactive) and 3 (network).

The Process Information fields indicate which account and process on the system requested the logon.

The Network Information fields indicate where a remote logon request originated. Workstation name is not always available and may be left blank in some cases.

The authentication information fields provide detailed information about this specific logon request.
	- Transited services indicate which intermediate services have participated in this logon request.
	- Package name indicates which sub-protocol was used among the NTLM protocols.
	- Key length indicates the length of the generated session key. This will be 0 if no session key was requested.","Microsoft-Windows-Security-Auditing","System.String[]","4625","5/21/2025 8:36:38 AM","5/21/2025 8:36:38 AM",,,
"4625","prod-bill-srv","System.Byte[]","232743","(12544)","12544","FailureAudit","An account failed to log on.

Subject:
	Security ID:		S-1-0-0
	Account Name:		-
	Account Domain:		-
	Logon ID:		0x0

Logon Type:			3

Account For Which Logon Failed:
	Security ID:		S-1-0-0
	Account Name:		ADMINISTRATOR
	Account Domain:		

Failure Information:
	Failure Reason:		%%2313
	Status:			0xc000006d
	Sub Status:		0xc0000064

Process Information:
	Caller Process ID:	0x0
	Caller Process Name:	-

Network Information:
	Workstation Name:	-
	Source Network Address:	122.165.219.142
	Source Port:		0

Detailed Authentication Information:
	Logon Process:		NtLmSsp 
	Authentication Package:	NTLM
	Transited Services:	-
	Package Name (NTLM only):	-
	Key Length:		0

This event is generated when a logon request fails. It is generated on the computer where access was attempted.

The Subject fields indicate the account on the local system which requested the logon. This is most commonly a service such as the Server service, or a local process such as Winlogon.exe or Services.exe.

The Logon Type field indicates the kind of logon that was requested. The most common types are 2 (interactive) and 3 (network).

The Process Information fields indicate which account and process on the system requested the logon.

The Network Information fields indicate where a remote logon request originated. Workstation name is not always available and may be left blank in some cases.

The authentication information fields provide detailed information about this specific logon request.
	- Transited services indicate which intermediate services have participated in this logon request.
	- Package name indicates which sub-protocol was used among the NTLM protocols.
	- Key length indicates the length of the generated session key. This will be 0 if no session key was requested.","Microsoft-Windows-Security-Auditing","System.String[]","4625","5/21/2025 8:36:36 AM","5/21/2025 8:36:36 AM",,,
"4625","prod-bill-srv","System.Byte[]","232742","(12544)","12544","FailureAudit","An account failed to log on.

Subject:
	Security ID:		S-1-0-0
	Account Name:		-
	Account Domain:		-
	Logon ID:		0x0

Logon Type:			3

Account For Which Logon Failed:
	Security ID:		S-1-0-0
	Account Name:		CGOMEZ
	Account Domain:		

Failure Information:
	Failure Reason:		%%2313
	Status:			0xc000006d
	Sub Status:		0xc0000064

Process Information:
	Caller Process ID:	0x0
	Caller Process Name:	-

Network Information:
	Workstation Name:	-
	Source Network Address:	179.60.146.34
	Source Port:		0

Detailed Authentication Information:
	Logon Process:		NtLmSsp 
	Authentication Package:	NTLM
	Transited Services:	-
	Package Name (NTLM only):	-
	Key Length:		0

This event is generated when a logon request fails. It is generated on the computer where access was attempted.

The Subject fields indicate the account on the local system which requested the logon. This is most commonly a service such as the Server service, or a local process such as Winlogon.exe or Services.exe.

The Logon Type field indicates the kind of logon that was requested. The most common types are 2 (interactive) and 3 (network).

The Process Information fields indicate which account and process on the system requested the logon.

The Network Information fields indicate where a remote logon request originated. Workstation name is not always available and may be left blank in some cases.

The authentication information fields provide detailed information about this specific logon request.
	- Transited services indicate which intermediate services have participated in this logon request.
	- Package name indicates which sub-protocol was used among the NTLM protocols.
	- Key length indicates the length of the generated session key. This will be 0 if no session key was requested.","Microsoft-Windows-Security-Auditing","System.String[]","4625","5/21/2025 8:36:35 AM","5/21/2025 8:36:35 AM",,,
"4625","prod-bill-srv","System.Byte[]","232741","(12544)","12544","FailureAudit","An account failed to log on.

Subject:
	Security ID:		S-1-0-0
	Account Name:		-
	Account Domain:		-
	Logon ID:		0x0

Logon Type:			3

Account For Which Logon Failed:
	Security ID:		S-1-0-0
	Account Name:		DGRIFFIN
	Account Domain:		

Failure Information:
	Failure Reason:		%%2313
	Status:			0xc000006d
	Sub Status:		0xc0000064

Process Information:
	Caller Process ID:	0x0
	Caller Process Name:	-

Network Information:
	Workstation Name:	-
	Source Network Address:	185.39.19.64
	Source Port:		0

Detailed Authentication Information:
	Logon Process:		NtLmSsp 
	Authentication Package:	NTLM
	Transited Services:	-
	Package Name (NTLM only):	-
	Key Length:		0

This event is generated when a logon request fails. It is generated on the computer where access was attempted.

The Subject fields indicate the account on the local system which requested the logon. This is most commonly a service such as the Server service, or a local process such as Winlogon.exe or Services.exe.

The Logon Type field indicates the kind of logon that was requested. The most common types are 2 (interactive) and 3 (network).

The Process Information fields indicate which account and process on the system requested the logon.

The Network Information fields indicate where a remote logon request originated. Workstation name is not always available and may be left blank in some cases.

The authentication information fields provide detailed information about this specific logon request.
	- Transited services indicate which intermediate services have participated in this logon request.
	- Package name indicates which sub-protocol was used among the NTLM protocols.
	- Key length indicates the length of the generated session key. This will be 0 if no session key was requested.","Microsoft-Windows-Security-Auditing","System.String[]","4625","5/21/2025 8:36:33 AM","5/21/2025 8:36:33 AM",,,
"4625","prod-bill-srv","System.Byte[]","232740","(12544)","12544","FailureAudit","An account failed to log on.

Subject:
	Security ID:		S-1-0-0
	Account Name:		-
	Account Domain:		-
	Logon ID:		0x0

Logon Type:			3

Account For Which Logon Failed:
	Security ID:		S-1-0-0
	Account Name:		SFLOWERS
	Account Domain:		

Failure Information:
	Failure Reason:		%%2313
	Status:			0xc000006d
	Sub Status:		0xc0000064

Process Information:
	Caller Process ID:	0x0
	Caller Process Name:	-

Network Information:
	Workstation Name:	-
	Source Network Address:	185.39.19.65
	Source Port:		0

Detailed Authentication Information:
	Logon Process:		NtLmSsp 
	Authentication Package:	NTLM
	Transited Services:	-
	Package Name (NTLM only):	-
	Key Length:		0

This event is generated when a logon request fails. It is generated on the computer where access was attempted.

The Subject fields indicate the account on the local system which requested the logon. This is most commonly a service such as the Server service, or a local process such as Winlogon.exe or Services.exe.

The Logon Type field indicates the kind of logon that was requested. The most common types are 2 (interactive) and 3 (network).

The Process Information fields indicate which account and process on the system requested the logon.

The Network Information fields indicate where a remote logon request originated. Workstation name is not always available and may be left blank in some cases.

The authentication information fields provide detailed information about this specific logon request.
	- Transited services indicate which intermediate services have participated in this logon request.
	- Package name indicates which sub-protocol was used among the NTLM protocols.
	- Key length indicates the length of the generated session key. This will be 0 if no session key was requested.","Microsoft-Windows-Security-Auditing","System.String[]","4625","5/21/2025 8:36:33 AM","5/21/2025 8:36:33 AM",,,
"4625","prod-bill-srv","System.Byte[]","232739","(12544)","12544","FailureAudit","An account failed to log on.

Subject:
	Security ID:		S-1-0-0
	Account Name:		-
	Account Domain:		-
	Logon ID:		0x0

Logon Type:			3

Account For Which Logon Failed:
	Security ID:		S-1-0-0
	Account Name:		Admin
	Account Domain:		PROD-BILL-SRV

Failure Information:
	Failure Reason:		%%2313
	Status:			0xc000006d
	Sub Status:		0xc0000064

Process Information:
	Caller Process ID:	0x0
	Caller Process Name:	-

Network Information:
	Workstation Name:	WIN-1J64VM0407C
	Source Network Address:	91.238.181.42
	Source Port:		0

Detailed Authentication Information:
	Logon Process:		NtLmSsp 
	Authentication Package:	NTLM
	Transited Services:	-
	Package Name (NTLM only):	-
	Key Length:		0

This event is generated when a logon request fails. It is generated on the computer where access was attempted.

The Subject fields indicate the account on the local system which requested the logon. This is most commonly a service such as the Server service, or a local process such as Winlogon.exe or Services.exe.

The Logon Type field indicates the kind of logon that was requested. The most common types are 2 (interactive) and 3 (network).

The Process Information fields indicate which account and process on the system requested the logon.

The Network Information fields indicate where a remote logon request originated. Workstation name is not always available and may be left blank in some cases.

The authentication information fields provide detailed information about this specific logon request.
	- Transited services indicate which intermediate services have participated in this logon request.
	- Package name indicates which sub-protocol was used among the NTLM protocols.
	- Key length indicates the length of the generated session key. This will be 0 if no session key was requested.","Microsoft-Windows-Security-Auditing","System.String[]","4625","5/21/2025 8:36:33 AM","5/21/2025 8:36:33 AM",,,
"4625","prod-bill-srv","System.Byte[]","232738","(12544)","12544","FailureAudit","An account failed to log on.

Subject:
	Security ID:		S-1-0-0
	Account Name:		-
	Account Domain:		-
	Logon ID:		0x0

Logon Type:			3

Account For Which Logon Failed:
	Security ID:		S-1-0-0
	Account Name:		ETHAYER
	Account Domain:		

Failure Information:
	Failure Reason:		%%2313
	Status:			0xc000006d
	Sub Status:		0xc0000064

Process Information:
	Caller Process ID:	0x0
	Caller Process Name:	-

Network Information:
	Workstation Name:	-
	Source Network Address:	89.248.163.186
	Source Port:		0

Detailed Authentication Information:
	Logon Process:		NtLmSsp 
	Authentication Package:	NTLM
	Transited Services:	-
	Package Name (NTLM only):	-
	Key Length:		0

This event is generated when a logon request fails. It is generated on the computer where access was attempted.

The Subject fields indicate the account on the local system which requested the logon. This is most commonly a service such as the Server service, or a local process such as Winlogon.exe or Services.exe.

The Logon Type field indicates the kind of logon that was requested. The most common types are 2 (interactive) and 3 (network).

The Process Information fields indicate which account and process on the system requested the logon.

The Network Information fields indicate where a remote logon request originated. Workstation name is not always available and may be left blank in some cases.

The authentication information fields provide detailed information about this specific logon request.
	- Transited services indicate which intermediate services have participated in this logon request.
	- Package name indicates which sub-protocol was used among the NTLM protocols.
	- Key length indicates the length of the generated session key. This will be 0 if no session key was requested.","Microsoft-Windows-Security-Auditing","System.String[]","4625","5/21/2025 8:36:29 AM","5/21/2025 8:36:29 AM",,,
"4625","prod-bill-srv","System.Byte[]","232737","(12544)","12544","FailureAudit","An account failed to log on.

Subject:
	Security ID:		S-1-0-0
	Account Name:		-
	Account Domain:		-
	Logon ID:		0x0

Logon Type:			3

Account For Which Logon Failed:
	Security ID:		S-1-0-0
	Account Name:		Admin
	Account Domain:		PROD-BILL-SRV

Failure Information:
	Failure Reason:		%%2313
	Status:			0xc000006d
	Sub Status:		0xc0000064

Process Information:
	Caller Process ID:	0x0
	Caller Process Name:	-

Network Information:
	Workstation Name:	WIN-1J64VM0407C
	Source Network Address:	91.238.181.42
	Source Port:		0

Detailed Authentication Information:
	Logon Process:		NtLmSsp 
	Authentication Package:	NTLM
	Transited Services:	-
	Package Name (NTLM only):	-
	Key Length:		0

This event is generated when a logon request fails. It is generated on the computer where access was attempted.

The Subject fields indicate the account on the local system which requested the logon. This is most commonly a service such as the Server service, or a local process such as Winlogon.exe or Services.exe.

The Logon Type field indicates the kind of logon that was requested. The most common types are 2 (interactive) and 3 (network).

The Process Information fields indicate which account and process on the system requested the logon.

The Network Information fields indicate where a remote logon request originated. Workstation name is not always available and may be left blank in some cases.

The authentication information fields provide detailed information about this specific logon request.
	- Transited services indicate which intermediate services have participated in this logon request.
	- Package name indicates which sub-protocol was used among the NTLM protocols.
	- Key length indicates the length of the generated session key. This will be 0 if no session key was requested.","Microsoft-Windows-Security-Auditing","System.String[]","4625","5/21/2025 8:36:29 AM","5/21/2025 8:36:29 AM",,,
"4625","prod-bill-srv","System.Byte[]","232736","(12544)","12544","FailureAudit","An account failed to log on.

Subject:
	Security ID:		S-1-0-0
	Account Name:		-
	Account Domain:		-
	Logon ID:		0x0

Logon Type:			3

Account For Which Logon Failed:
	Security ID:		S-1-0-0
	Account Name:		PRATEIK
	Account Domain:		

Failure Information:
	Failure Reason:		%%2313
	Status:			0xc000006d
	Sub Status:		0xc0000064

Process Information:
	Caller Process ID:	0x0
	Caller Process Name:	-

Network Information:
	Workstation Name:	-
	Source Network Address:	185.39.19.59
	Source Port:		0

Detailed Authentication Information:
	Logon Process:		NtLmSsp 
	Authentication Package:	NTLM
	Transited Services:	-
	Package Name (NTLM only):	-
	Key Length:		0

This event is generated when a logon request fails. It is generated on the computer where access was attempted.

The Subject fields indicate the account on the local system which requested the logon. This is most commonly a service such as the Server service, or a local process such as Winlogon.exe or Services.exe.

The Logon Type field indicates the kind of logon that was requested. The most common types are 2 (interactive) and 3 (network).

The Process Information fields indicate which account and process on the system requested the logon.

The Network Information fields indicate where a remote logon request originated. Workstation name is not always available and may be left blank in some cases.

The authentication information fields provide detailed information about this specific logon request.
	- Transited services indicate which intermediate services have participated in this logon request.
	- Package name indicates which sub-protocol was used among the NTLM protocols.
	- Key length indicates the length of the generated session key. This will be 0 if no session key was requested.","Microsoft-Windows-Security-Auditing","System.String[]","4625","5/21/2025 8:36:28 AM","5/21/2025 8:36:28 AM",,,
"4625","prod-bill-srv","System.Byte[]","232735","(12544)","12544","FailureAudit","An account failed to log on.

Subject:
	Security ID:		S-1-0-0
	Account Name:		-
	Account Domain:		-
	Logon ID:		0x0

Logon Type:			3

Account For Which Logon Failed:
	Security ID:		S-1-0-0
	Account Name:		Admin
	Account Domain:		PROD-BILL-SRV

Failure Information:
	Failure Reason:		%%2313
	Status:			0xc000006d
	Sub Status:		0xc0000064

Process Information:
	Caller Process ID:	0x0
	Caller Process Name:	-

Network Information:
	Workstation Name:	WIN-1J64VM0407C
	Source Network Address:	91.238.181.42
	Source Port:		0

Detailed Authentication Information:
	Logon Process:		NtLmSsp 
	Authentication Package:	NTLM
	Transited Services:	-
	Package Name (NTLM only):	-
	Key Length:		0

This event is generated when a logon request fails. It is generated on the computer where access was attempted.

The Subject fields indicate the account on the local system which requested the logon. This is most commonly a service such as the Server service, or a local process such as Winlogon.exe or Services.exe.

The Logon Type field indicates the kind of logon that was requested. The most common types are 2 (interactive) and 3 (network).

The Process Information fields indicate which account and process on the system requested the logon.

The Network Information fields indicate where a remote logon request originated. Workstation name is not always available and may be left blank in some cases.

The authentication information fields provide detailed information about this specific logon request.
	- Transited services indicate which intermediate services have participated in this logon request.
	- Package name indicates which sub-protocol was used among the NTLM protocols.
	- Key length indicates the length of the generated session key. This will be 0 if no session key was requested.","Microsoft-Windows-Security-Auditing","System.String[]","4625","5/21/2025 8:36:27 AM","5/21/2025 8:36:27 AM",,,
"4625","prod-bill-srv","System.Byte[]","232734","(12544)","12544","FailureAudit","An account failed to log on.

Subject:
	Security ID:		S-1-0-0
	Account Name:		-
	Account Domain:		-
	Logon ID:		0x0

Logon Type:			3

Account For Which Logon Failed:
	Security ID:		S-1-0-0
	Account Name:		SELLIS
	Account Domain:		

Failure Information:
	Failure Reason:		%%2313
	Status:			0xc000006d
	Sub Status:		0xc0000064

Process Information:
	Caller Process ID:	0x0
	Caller Process Name:	-

Network Information:
	Workstation Name:	-
	Source Network Address:	179.60.146.35
	Source Port:		0

Detailed Authentication Information:
	Logon Process:		NtLmSsp 
	Authentication Package:	NTLM
	Transited Services:	-
	Package Name (NTLM only):	-
	Key Length:		0

This event is generated when a logon request fails. It is generated on the computer where access was attempted.

The Subject fields indicate the account on the local system which requested the logon. This is most commonly a service such as the Server service, or a local process such as Winlogon.exe or Services.exe.

The Logon Type field indicates the kind of logon that was requested. The most common types are 2 (interactive) and 3 (network).

The Process Information fields indicate which account and process on the system requested the logon.

The Network Information fields indicate where a remote logon request originated. Workstation name is not always available and may be left blank in some cases.

The authentication information fields provide detailed information about this specific logon request.
	- Transited services indicate which intermediate services have participated in this logon request.
	- Package name indicates which sub-protocol was used among the NTLM protocols.
	- Key length indicates the length of the generated session key. This will be 0 if no session key was requested.","Microsoft-Windows-Security-Auditing","System.String[]","4625","5/21/2025 8:36:26 AM","5/21/2025 8:36:26 AM",,,
"4625","prod-bill-srv","System.Byte[]","232733","(12544)","12544","FailureAudit","An account failed to log on.

Subject:
	Security ID:		S-1-0-0
	Account Name:		-
	Account Domain:		-
	Logon ID:		0x0

Logon Type:			3

Account For Which Logon Failed:
	Security ID:		S-1-0-0
	Account Name:		Admin
	Account Domain:		PROD-BILL-SRV

Failure Information:
	Failure Reason:		%%2313
	Status:			0xc000006d
	Sub Status:		0xc0000064

Process Information:
	Caller Process ID:	0x0
	Caller Process Name:	-

Network Information:
	Workstation Name:	WIN-1J64VM0407C
	Source Network Address:	91.238.181.42
	Source Port:		0

Detailed Authentication Information:
	Logon Process:		NtLmSsp 
	Authentication Package:	NTLM
	Transited Services:	-
	Package Name (NTLM only):	-
	Key Length:		0

This event is generated when a logon request fails. It is generated on the computer where access was attempted.

The Subject fields indicate the account on the local system which requested the logon. This is most commonly a service such as the Server service, or a local process such as Winlogon.exe or Services.exe.

The Logon Type field indicates the kind of logon that was requested. The most common types are 2 (interactive) and 3 (network).

The Process Information fields indicate which account and process on the system requested the logon.

The Network Information fields indicate where a remote logon request originated. Workstation name is not always available and may be left blank in some cases.

The authentication information fields provide detailed information about this specific logon request.
	- Transited services indicate which intermediate services have participated in this logon request.
	- Package name indicates which sub-protocol was used among the NTLM protocols.
	- Key length indicates the length of the generated session key. This will be 0 if no session key was requested.","Microsoft-Windows-Security-Auditing","System.String[]","4625","5/21/2025 8:36:24 AM","5/21/2025 8:36:24 AM",,,
