"4625","prod-bill-srv","System.Byte[]","232251","(12544)","12544","FailureAudit","An account failed to log on.

Subject:
	Security ID:		S-1-0-0
	Account Name:		-
	Account Domain:		-
	Logon ID:		0x0

Logon Type:			3

Account For Which Logon Failed:
	Security ID:		S-1-0-0
	Account Name:		KMORGAN
	Account Domain:		

Failure Information:
	Failure Reason:		%%2313
	Status:			0xc000006d
	Sub Status:		0xc0000064

Process Information:
	Caller Process ID:	0x0
	Caller Process Name:	-

Network Information:
	Workstation Name:	-
	Source Network Address:	179.60.146.34
	Source Port:		0

Detailed Authentication Information:
	Logon Process:		NtLmSsp 
	Authentication Package:	NTLM
	Transited Services:	-
	Package Name (NTLM only):	-
	Key Length:		0

This event is generated when a logon request fails. It is generated on the computer where access was attempted.

The Subject fields indicate the account on the local system which requested the logon. This is most commonly a service such as the Server service, or a local process such as Winlogon.exe or Services.exe.

The Logon Type field indicates the kind of logon that was requested. The most common types are 2 (interactive) and 3 (network).

The Process Information fields indicate which account and process on the system requested the logon.

The Network Information fields indicate where a remote logon request originated. Workstation name is not always available and may be left blank in some cases.

The authentication information fields provide detailed information about this specific logon request.
	- Transited services indicate which intermediate services have participated in this logon request.
	- Package name indicates which sub-protocol was used among the NTLM protocols.
	- Key length indicates the length of the generated session key. This will be 0 if no session key was requested.","Microsoft-Windows-Security-Auditing","System.String[]","4625","5/21/2025 8:26:22 AM","5/21/2025 8:26:22 AM",,,
"4625","prod-bill-srv","System.Byte[]","232250","(12544)","12544","FailureAudit","An account failed to log on.

Subject:
	Security ID:		S-1-0-0
	Account Name:		-
	Account Domain:		-
	Logon ID:		0x0

Logon Type:			3

Account For Which Logon Failed:
	Security ID:		S-1-0-0
	Account Name:		Administrator
	Account Domain:		WORKGROUP

Failure Information:
	Failure Reason:		%%2313
	Status:			0xc000006d
	Sub Status:		0xc0000064

Process Information:
	Caller Process ID:	0x0
	Caller Process Name:	-

Network Information:
	Workstation Name:	AMRUTBAKERY
	Source Network Address:	103.232.245.230
	Source Port:		62100

Detailed Authentication Information:
	Logon Process:		NtLmSsp 
	Authentication Package:	NTLM
	Transited Services:	-
	Package Name (NTLM only):	-
	Key Length:		0

This event is generated when a logon request fails. It is generated on the computer where access was attempted.

The Subject fields indicate the account on the local system which requested the logon. This is most commonly a service such as the Server service, or a local process such as Winlogon.exe or Services.exe.

The Logon Type field indicates the kind of logon that was requested. The most common types are 2 (interactive) and 3 (network).

The Process Information fields indicate which account and process on the system requested the logon.

The Network Information fields indicate where a remote logon request originated. Workstation name is not always available and may be left blank in some cases.

The authentication information fields provide detailed information about this specific logon request.
	- Transited services indicate which intermediate services have participated in this logon request.
	- Package name indicates which sub-protocol was used among the NTLM protocols.
	- Key length indicates the length of the generated session key. This will be 0 if no session key was requested.","Microsoft-Windows-Security-Auditing","System.String[]","4625","5/21/2025 8:26:19 AM","5/21/2025 8:26:19 AM",,,
"4625","prod-bill-srv","System.Byte[]","232249","(12544)","12544","FailureAudit","An account failed to log on.

Subject:
	Security ID:		S-1-0-0
	Account Name:		-
	Account Domain:		-
	Logon ID:		0x0

Logon Type:			3

Account For Which Logon Failed:
	Security ID:		S-1-0-0
	Account Name:		Admin
	Account Domain:		PROD-BILL-SRV

Failure Information:
	Failure Reason:		%%2313
	Status:			0xc000006d
	Sub Status:		0xc0000064

Process Information:
	Caller Process ID:	0x0
	Caller Process Name:	-

Network Information:
	Workstation Name:	WIN-1J64VM0407C
	Source Network Address:	91.238.181.42
	Source Port:		0

Detailed Authentication Information:
	Logon Process:		NtLmSsp 
	Authentication Package:	NTLM
	Transited Services:	-
	Package Name (NTLM only):	-
	Key Length:		0

This event is generated when a logon request fails. It is generated on the computer where access was attempted.

The Subject fields indicate the account on the local system which requested the logon. This is most commonly a service such as the Server service, or a local process such as Winlogon.exe or Services.exe.

The Logon Type field indicates the kind of logon that was requested. The most common types are 2 (interactive) and 3 (network).

The Process Information fields indicate which account and process on the system requested the logon.

The Network Information fields indicate where a remote logon request originated. Workstation name is not always available and may be left blank in some cases.

The authentication information fields provide detailed information about this specific logon request.
	- Transited services indicate which intermediate services have participated in this logon request.
	- Package name indicates which sub-protocol was used among the NTLM protocols.
	- Key length indicates the length of the generated session key. This will be 0 if no session key was requested.","Microsoft-Windows-Security-Auditing","System.String[]","4625","5/21/2025 8:26:17 AM","5/21/2025 8:26:17 AM",,,
"4625","prod-bill-srv","System.Byte[]","232248","(12544)","12544","FailureAudit","An account failed to log on.

Subject:
	Security ID:		S-1-0-0
	Account Name:		-
	Account Domain:		-
	Logon ID:		0x0

Logon Type:			3

Account For Which Logon Failed:
	Security ID:		S-1-0-0
	Account Name:		JOLSON
	Account Domain:		

Failure Information:
	Failure Reason:		%%2313
	Status:			0xc000006d
	Sub Status:		0xc0000064

Process Information:
	Caller Process ID:	0x0
	Caller Process Name:	-

Network Information:
	Workstation Name:	-
	Source Network Address:	185.39.19.58
	Source Port:		0

Detailed Authentication Information:
	Logon Process:		NtLmSsp 
	Authentication Package:	NTLM
	Transited Services:	-
	Package Name (NTLM only):	-
	Key Length:		0

This event is generated when a logon request fails. It is generated on the computer where access was attempted.

The Subject fields indicate the account on the local system which requested the logon. This is most commonly a service such as the Server service, or a local process such as Winlogon.exe or Services.exe.

The Logon Type field indicates the kind of logon that was requested. The most common types are 2 (interactive) and 3 (network).

The Process Information fields indicate which account and process on the system requested the logon.

The Network Information fields indicate where a remote logon request originated. Workstation name is not always available and may be left blank in some cases.

The authentication information fields provide detailed information about this specific logon request.
	- Transited services indicate which intermediate services have participated in this logon request.
	- Package name indicates which sub-protocol was used among the NTLM protocols.
	- Key length indicates the length of the generated session key. This will be 0 if no session key was requested.","Microsoft-Windows-Security-Auditing","System.String[]","4625","5/21/2025 8:26:17 AM","5/21/2025 8:26:17 AM",,,
"4625","prod-bill-srv","System.Byte[]","232247","(12544)","12544","FailureAudit","An account failed to log on.

Subject:
	Security ID:		S-1-0-0
	Account Name:		-
	Account Domain:		-
	Logon ID:		0x0

Logon Type:			3

Account For Which Logon Failed:
	Security ID:		S-1-0-0
	Account Name:		LDEVINE
	Account Domain:		

Failure Information:
	Failure Reason:		%%2313
	Status:			0xc000006d
	Sub Status:		0xc0000064

Process Information:
	Caller Process ID:	0x0
	Caller Process Name:	-

Network Information:
	Workstation Name:	-
	Source Network Address:	185.39.19.59
	Source Port:		0

Detailed Authentication Information:
	Logon Process:		NtLmSsp 
	Authentication Package:	NTLM
	Transited Services:	-
	Package Name (NTLM only):	-
	Key Length:		0

This event is generated when a logon request fails. It is generated on the computer where access was attempted.

The Subject fields indicate the account on the local system which requested the logon. This is most commonly a service such as the Server service, or a local process such as Winlogon.exe or Services.exe.

The Logon Type field indicates the kind of logon that was requested. The most common types are 2 (interactive) and 3 (network).

The Process Information fields indicate which account and process on the system requested the logon.

The Network Information fields indicate where a remote logon request originated. Workstation name is not always available and may be left blank in some cases.

The authentication information fields provide detailed information about this specific logon request.
	- Transited services indicate which intermediate services have participated in this logon request.
	- Package name indicates which sub-protocol was used among the NTLM protocols.
	- Key length indicates the length of the generated session key. This will be 0 if no session key was requested.","Microsoft-Windows-Security-Auditing","System.String[]","4625","5/21/2025 8:26:15 AM","5/21/2025 8:26:15 AM",,,
"4625","prod-bill-srv","System.Byte[]","232246","(12544)","12544","FailureAudit","An account failed to log on.

Subject:
	Security ID:		S-1-0-0
	Account Name:		-
	Account Domain:		-
	Logon ID:		0x0

Logon Type:			3

Account For Which Logon Failed:
	Security ID:		S-1-0-0
	Account Name:		Administrator
	Account Domain:		WORKGROUP

Failure Information:
	Failure Reason:		%%2313
	Status:			0xc000006d
	Sub Status:		0xc0000064

Process Information:
	Caller Process ID:	0x0
	Caller Process Name:	-

Network Information:
	Workstation Name:	WINDOWS-NPREKC5
	Source Network Address:	60.198.177.54
	Source Port:		53536

Detailed Authentication Information:
	Logon Process:		NtLmSsp 
	Authentication Package:	NTLM
	Transited Services:	-
	Package Name (NTLM only):	-
	Key Length:		0

This event is generated when a logon request fails. It is generated on the computer where access was attempted.

The Subject fields indicate the account on the local system which requested the logon. This is most commonly a service such as the Server service, or a local process such as Winlogon.exe or Services.exe.

The Logon Type field indicates the kind of logon that was requested. The most common types are 2 (interactive) and 3 (network).

The Process Information fields indicate which account and process on the system requested the logon.

The Network Information fields indicate where a remote logon request originated. Workstation name is not always available and may be left blank in some cases.

The authentication information fields provide detailed information about this specific logon request.
	- Transited services indicate which intermediate services have participated in this logon request.
	- Package name indicates which sub-protocol was used among the NTLM protocols.
	- Key length indicates the length of the generated session key. This will be 0 if no session key was requested.","Microsoft-Windows-Security-Auditing","System.String[]","4625","5/21/2025 8:26:14 AM","5/21/2025 8:26:14 AM",,,
"4625","prod-bill-srv","System.Byte[]","232245","(12544)","12544","FailureAudit","An account failed to log on.

Subject:
	Security ID:		S-1-0-0
	Account Name:		-
	Account Domain:		-
	Logon ID:		0x0

Logon Type:			3

Account For Which Logon Failed:
	Security ID:		S-1-0-0
	Account Name:		Admin
	Account Domain:		PROD-BILL-SRV

Failure Information:
	Failure Reason:		%%2313
	Status:			0xc000006d
	Sub Status:		0xc0000064

Process Information:
	Caller Process ID:	0x0
	Caller Process Name:	-

Network Information:
	Workstation Name:	WIN-1J64VM0407C
	Source Network Address:	91.238.181.42
	Source Port:		0

Detailed Authentication Information:
	Logon Process:		NtLmSsp 
	Authentication Package:	NTLM
	Transited Services:	-
	Package Name (NTLM only):	-
	Key Length:		0

This event is generated when a logon request fails. It is generated on the computer where access was attempted.

The Subject fields indicate the account on the local system which requested the logon. This is most commonly a service such as the Server service, or a local process such as Winlogon.exe or Services.exe.

The Logon Type field indicates the kind of logon that was requested. The most common types are 2 (interactive) and 3 (network).

The Process Information fields indicate which account and process on the system requested the logon.

The Network Information fields indicate where a remote logon request originated. Workstation name is not always available and may be left blank in some cases.

The authentication information fields provide detailed information about this specific logon request.
	- Transited services indicate which intermediate services have participated in this logon request.
	- Package name indicates which sub-protocol was used among the NTLM protocols.
	- Key length indicates the length of the generated session key. This will be 0 if no session key was requested.","Microsoft-Windows-Security-Auditing","System.String[]","4625","5/21/2025 8:26:13 AM","5/21/2025 8:26:13 AM",,,
"4625","prod-bill-srv","System.Byte[]","232244","(12544)","12544","FailureAudit","An account failed to log on.

Subject:
	Security ID:		S-1-0-0
	Account Name:		-
	Account Domain:		-
	Logon ID:		0x0

Logon Type:			3

Account For Which Logon Failed:
	Security ID:		S-1-0-0
	Account Name:		ADMINISTRATOR
	Account Domain:		

Failure Information:
	Failure Reason:		%%2313
	Status:			0xc000006d
	Sub Status:		0xc0000064

Process Information:
	Caller Process ID:	0x0
	Caller Process Name:	-

Network Information:
	Workstation Name:	-
	Source Network Address:	122.165.219.142
	Source Port:		0

Detailed Authentication Information:
	Logon Process:		NtLmSsp 
	Authentication Package:	NTLM
	Transited Services:	-
	Package Name (NTLM only):	-
	Key Length:		0

This event is generated when a logon request fails. It is generated on the computer where access was attempted.

The Subject fields indicate the account on the local system which requested the logon. This is most commonly a service such as the Server service, or a local process such as Winlogon.exe or Services.exe.

The Logon Type field indicates the kind of logon that was requested. The most common types are 2 (interactive) and 3 (network).

The Process Information fields indicate which account and process on the system requested the logon.

The Network Information fields indicate where a remote logon request originated. Workstation name is not always available and may be left blank in some cases.

The authentication information fields provide detailed information about this specific logon request.
	- Transited services indicate which intermediate services have participated in this logon request.
	- Package name indicates which sub-protocol was used among the NTLM protocols.
	- Key length indicates the length of the generated session key. This will be 0 if no session key was requested.","Microsoft-Windows-Security-Auditing","System.String[]","4625","5/21/2025 8:26:13 AM","5/21/2025 8:26:13 AM",,,
"4625","prod-bill-srv","System.Byte[]","232243","(12544)","12544","FailureAudit","An account failed to log on.

Subject:
	Security ID:		S-1-0-0
	Account Name:		-
	Account Domain:		-
	Logon ID:		0x0

Logon Type:			3

Account For Which Logon Failed:
	Security ID:		S-1-0-0
	Account Name:		RFORTIER
	Account Domain:		

Failure Information:
	Failure Reason:		%%2313
	Status:			0xc000006d
	Sub Status:		0xc0000064

Process Information:
	Caller Process ID:	0x0
	Caller Process Name:	-

Network Information:
	Workstation Name:	-
	Source Network Address:	185.39.19.62
	Source Port:		0

Detailed Authentication Information:
	Logon Process:		NtLmSsp 
	Authentication Package:	NTLM
	Transited Services:	-
	Package Name (NTLM only):	-
	Key Length:		0

This event is generated when a logon request fails. It is generated on the computer where access was attempted.

The Subject fields indicate the account on the local system which requested the logon. This is most commonly a service such as the Server service, or a local process such as Winlogon.exe or Services.exe.

The Logon Type field indicates the kind of logon that was requested. The most common types are 2 (interactive) and 3 (network).

The Process Information fields indicate which account and process on the system requested the logon.

The Network Information fields indicate where a remote logon request originated. Workstation name is not always available and may be left blank in some cases.

The authentication information fields provide detailed information about this specific logon request.
	- Transited services indicate which intermediate services have participated in this logon request.
	- Package name indicates which sub-protocol was used among the NTLM protocols.
	- Key length indicates the length of the generated session key. This will be 0 if no session key was requested.","Microsoft-Windows-Security-Auditing","System.String[]","4625","5/21/2025 8:26:10 AM","5/21/2025 8:26:10 AM",,,
"4625","prod-bill-srv","System.Byte[]","232242","(12544)","12544","FailureAudit","An account failed to log on.

Subject:
	Security ID:		S-1-0-0
	Account Name:		-
	Account Domain:		-
	Logon ID:		0x0

Logon Type:			3

Account For Which Logon Failed:
	Security ID:		S-1-0-0
	Account Name:		DWYATT
	Account Domain:		

Failure Information:
	Failure Reason:		%%2313
	Status:			0xc000006d
	Sub Status:		0xc0000064

Process Information:
	Caller Process ID:	0x0
	Caller Process Name:	-

Network Information:
	Workstation Name:	-
	Source Network Address:	185.39.19.65
	Source Port:		0

Detailed Authentication Information:
	Logon Process:		NtLmSsp 
	Authentication Package:	NTLM
	Transited Services:	-
	Package Name (NTLM only):	-
	Key Length:		0

This event is generated when a logon request fails. It is generated on the computer where access was attempted.

The Subject fields indicate the account on the local system which requested the logon. This is most commonly a service such as the Server service, or a local process such as Winlogon.exe or Services.exe.

The Logon Type field indicates the kind of logon that was requested. The most common types are 2 (interactive) and 3 (network).

The Process Information fields indicate which account and process on the system requested the logon.

The Network Information fields indicate where a remote logon request originated. Workstation name is not always available and may be left blank in some cases.

The authentication information fields provide detailed information about this specific logon request.
	- Transited services indicate which intermediate services have participated in this logon request.
	- Package name indicates which sub-protocol was used among the NTLM protocols.
	- Key length indicates the length of the generated session key. This will be 0 if no session key was requested.","Microsoft-Windows-Security-Auditing","System.String[]","4625","5/21/2025 8:26:10 AM","5/21/2025 8:26:10 AM",,,
"4625","prod-bill-srv","System.Byte[]","232241","(12544)","12544","FailureAudit","An account failed to log on.

Subject:
	Security ID:		S-1-0-0
	Account Name:		-
	Account Domain:		-
	Logon ID:		0x0

Logon Type:			3

Account For Which Logon Failed:
	Security ID:		S-1-0-0
	Account Name:		Admin
	Account Domain:		PROD-BILL-SRV

Failure Information:
	Failure Reason:		%%2313
	Status:			0xc000006d
	Sub Status:		0xc0000064

Process Information:
	Caller Process ID:	0x0
	Caller Process Name:	-

Network Information:
	Workstation Name:	WIN-1J64VM0407C
	Source Network Address:	91.238.181.42
	Source Port:		0

Detailed Authentication Information:
	Logon Process:		NtLmSsp 
	Authentication Package:	NTLM
	Transited Services:	-
	Package Name (NTLM only):	-
	Key Length:		0

This event is generated when a logon request fails. It is generated on the computer where access was attempted.

The Subject fields indicate the account on the local system which requested the logon. This is most commonly a service such as the Server service, or a local process such as Winlogon.exe or Services.exe.

The Logon Type field indicates the kind of logon that was requested. The most common types are 2 (interactive) and 3 (network).

The Process Information fields indicate which account and process on the system requested the logon.

The Network Information fields indicate where a remote logon request originated. Workstation name is not always available and may be left blank in some cases.

The authentication information fields provide detailed information about this specific logon request.
	- Transited services indicate which intermediate services have participated in this logon request.
	- Package name indicates which sub-protocol was used among the NTLM protocols.
	- Key length indicates the length of the generated session key. This will be 0 if no session key was requested.","Microsoft-Windows-Security-Auditing","System.String[]","4625","5/21/2025 8:26:09 AM","5/21/2025 8:26:09 AM",,,
"4625","prod-bill-srv","System.Byte[]","232240","(12544)","12544","FailureAudit","An account failed to log on.

Subject:
	Security ID:		S-1-0-0
	Account Name:		-
	Account Domain:		-
	Logon ID:		0x0

Logon Type:			3

Account For Which Logon Failed:
	Security ID:		S-1-0-0
	Account Name:		CJAMES
	Account Domain:		

Failure Information:
	Failure Reason:		%%2313
	Status:			0xc000006d
	Sub Status:		0xc0000064

Process Information:
	Caller Process ID:	0x0
	Caller Process Name:	-

Network Information:
	Workstation Name:	-
	Source Network Address:	179.60.146.34
	Source Port:		0

Detailed Authentication Information:
	Logon Process:		NtLmSsp 
	Authentication Package:	NTLM
	Transited Services:	-
	Package Name (NTLM only):	-
	Key Length:		0

This event is generated when a logon request fails. It is generated on the computer where access was attempted.

The Subject fields indicate the account on the local system which requested the logon. This is most commonly a service such as the Server service, or a local process such as Winlogon.exe or Services.exe.

The Logon Type field indicates the kind of logon that was requested. The most common types are 2 (interactive) and 3 (network).

The Process Information fields indicate which account and process on the system requested the logon.

The Network Information fields indicate where a remote logon request originated. Workstation name is not always available and may be left blank in some cases.

The authentication information fields provide detailed information about this specific logon request.
	- Transited services indicate which intermediate services have participated in this logon request.
	- Package name indicates which sub-protocol was used among the NTLM protocols.
	- Key length indicates the length of the generated session key. This will be 0 if no session key was requested.","Microsoft-Windows-Security-Auditing","System.String[]","4625","5/21/2025 8:26:09 AM","5/21/2025 8:26:09 AM",,,
"4625","prod-bill-srv","System.Byte[]","232239","(12544)","12544","FailureAudit","An account failed to log on.

Subject:
	Security ID:		S-1-0-0
	Account Name:		-
	Account Domain:		-
	Logon ID:		0x0

Logon Type:			3

Account For Which Logon Failed:
	Security ID:		S-1-0-0
	Account Name:		Admin
	Account Domain:		PROD-BILL-SRV

Failure Information:
	Failure Reason:		%%2313
	Status:			0xc000006d
	Sub Status:		0xc0000064

Process Information:
	Caller Process ID:	0x0
	Caller Process Name:	-

Network Information:
	Workstation Name:	WIN-1J64VM0407C
	Source Network Address:	91.238.181.42
	Source Port:		0

Detailed Authentication Information:
	Logon Process:		NtLmSsp 
	Authentication Package:	NTLM
	Transited Services:	-
	Package Name (NTLM only):	-
	Key Length:		0

This event is generated when a logon request fails. It is generated on the computer where access was attempted.

The Subject fields indicate the account on the local system which requested the logon. This is most commonly a service such as the Server service, or a local process such as Winlogon.exe or Services.exe.

The Logon Type field indicates the kind of logon that was requested. The most common types are 2 (interactive) and 3 (network).

The Process Information fields indicate which account and process on the system requested the logon.

The Network Information fields indicate where a remote logon request originated. Workstation name is not always available and may be left blank in some cases.

The authentication information fields provide detailed information about this specific logon request.
	- Transited services indicate which intermediate services have participated in this logon request.
	- Package name indicates which sub-protocol was used among the NTLM protocols.
	- Key length indicates the length of the generated session key. This will be 0 if no session key was requested.","Microsoft-Windows-Security-Auditing","System.String[]","4625","5/21/2025 8:26:07 AM","5/21/2025 8:26:07 AM",,,
"4625","prod-bill-srv","System.Byte[]","232238","(12544)","12544","FailureAudit","An account failed to log on.

Subject:
	Security ID:		S-1-0-0
	Account Name:		-
	Account Domain:		-
	Logon ID:		0x0

Logon Type:			3

Account For Which Logon Failed:
	Security ID:		S-1-0-0
	Account Name:		ESHAW
	Account Domain:		

Failure Information:
	Failure Reason:		%%2313
	Status:			0xc000006d
	Sub Status:		0xc0000064

Process Information:
	Caller Process ID:	0x0
	Caller Process Name:	-

Network Information:
	Workstation Name:	-
	Source Network Address:	89.248.163.186
	Source Port:		0

Detailed Authentication Information:
	Logon Process:		NtLmSsp 
	Authentication Package:	NTLM
	Transited Services:	-
	Package Name (NTLM only):	-
	Key Length:		0

This event is generated when a logon request fails. It is generated on the computer where access was attempted.

The Subject fields indicate the account on the local system which requested the logon. This is most commonly a service such as the Server service, or a local process such as Winlogon.exe or Services.exe.

The Logon Type field indicates the kind of logon that was requested. The most common types are 2 (interactive) and 3 (network).

The Process Information fields indicate which account and process on the system requested the logon.

The Network Information fields indicate where a remote logon request originated. Workstation name is not always available and may be left blank in some cases.

The authentication information fields provide detailed information about this specific logon request.
	- Transited services indicate which intermediate services have participated in this logon request.
	- Package name indicates which sub-protocol was used among the NTLM protocols.
	- Key length indicates the length of the generated session key. This will be 0 if no session key was requested.","Microsoft-Windows-Security-Auditing","System.String[]","4625","5/21/2025 8:26:07 AM","5/21/2025 8:26:07 AM",,,
"4625","prod-bill-srv","System.Byte[]","232237","(12544)","12544","FailureAudit","An account failed to log on.

Subject:
	Security ID:		S-1-0-0
	Account Name:		-
	Account Domain:		-
	Logon ID:		0x0

Logon Type:			3

Account For Which Logon Failed:
	Security ID:		S-1-0-0
	Account Name:		LELDRIDGE
	Account Domain:		

Failure Information:
	Failure Reason:		%%2313
	Status:			0xc000006d
	Sub Status:		0xc0000064

Process Information:
	Caller Process ID:	0x0
	Caller Process Name:	-

Network Information:
	Workstation Name:	-
	Source Network Address:	80.82.65.132
	Source Port:		0

Detailed Authentication Information:
	Logon Process:		NtLmSsp 
	Authentication Package:	NTLM
	Transited Services:	-
	Package Name (NTLM only):	-
	Key Length:		0

This event is generated when a logon request fails. It is generated on the computer where access was attempted.

The Subject fields indicate the account on the local system which requested the logon. This is most commonly a service such as the Server service, or a local process such as Winlogon.exe or Services.exe.

The Logon Type field indicates the kind of logon that was requested. The most common types are 2 (interactive) and 3 (network).

The Process Information fields indicate which account and process on the system requested the logon.

The Network Information fields indicate where a remote logon request originated. Workstation name is not always available and may be left blank in some cases.

The authentication information fields provide detailed information about this specific logon request.
	- Transited services indicate which intermediate services have participated in this logon request.
	- Package name indicates which sub-protocol was used among the NTLM protocols.
	- Key length indicates the length of the generated session key. This will be 0 if no session key was requested.","Microsoft-Windows-Security-Auditing","System.String[]","4625","5/21/2025 8:26:06 AM","5/21/2025 8:26:06 AM",,,
"4625","prod-bill-srv","System.Byte[]","232236","(12544)","12544","FailureAudit","An account failed to log on.

Subject:
	Security ID:		S-1-0-0
	Account Name:		-
	Account Domain:		-
	Logon ID:		0x0

Logon Type:			3

Account For Which Logon Failed:
	Security ID:		S-1-0-0
	Account Name:		EGLASS
	Account Domain:		

Failure Information:
	Failure Reason:		%%2313
	Status:			0xc000006d
	Sub Status:		0xc0000064

Process Information:
	Caller Process ID:	0x0
	Caller Process Name:	-

Network Information:
	Workstation Name:	-
	Source Network Address:	185.39.19.60
	Source Port:		0

Detailed Authentication Information:
	Logon Process:		NtLmSsp 
	Authentication Package:	NTLM
	Transited Services:	-
	Package Name (NTLM only):	-
	Key Length:		0

This event is generated when a logon request fails. It is generated on the computer where access was attempted.

The Subject fields indicate the account on the local system which requested the logon. This is most commonly a service such as the Server service, or a local process such as Winlogon.exe or Services.exe.

The Logon Type field indicates the kind of logon that was requested. The most common types are 2 (interactive) and 3 (network).

The Process Information fields indicate which account and process on the system requested the logon.

The Network Information fields indicate where a remote logon request originated. Workstation name is not always available and may be left blank in some cases.

The authentication information fields provide detailed information about this specific logon request.
	- Transited services indicate which intermediate services have participated in this logon request.
	- Package name indicates which sub-protocol was used among the NTLM protocols.
	- Key length indicates the length of the generated session key. This will be 0 if no session key was requested.","Microsoft-Windows-Security-Auditing","System.String[]","4625","5/21/2025 8:26:05 AM","5/21/2025 8:26:05 AM",,,
"4625","prod-bill-srv","System.Byte[]","232235","(12544)","12544","FailureAudit","An account failed to log on.

Subject:
	Security ID:		S-1-0-0
	Account Name:		-
	Account Domain:		-
	Logon ID:		0x0

Logon Type:			3

Account For Which Logon Failed:
	Security ID:		S-1-0-0
	Account Name:		Admin
	Account Domain:		PROD-BILL-SRV

Failure Information:
	Failure Reason:		%%2313
	Status:			0xc000006d
	Sub Status:		0xc0000064

Process Information:
	Caller Process ID:	0x0
	Caller Process Name:	-

Network Information:
	Workstation Name:	WIN-1J64VM0407C
	Source Network Address:	91.238.181.42
	Source Port:		0

Detailed Authentication Information:
	Logon Process:		NtLmSsp 
	Authentication Package:	NTLM
	Transited Services:	-
	Package Name (NTLM only):	-
	Key Length:		0

This event is generated when a logon request fails. It is generated on the computer where access was attempted.

The Subject fields indicate the account on the local system which requested the logon. This is most commonly a service such as the Server service, or a local process such as Winlogon.exe or Services.exe.

The Logon Type field indicates the kind of logon that was requested. The most common types are 2 (interactive) and 3 (network).

The Process Information fields indicate which account and process on the system requested the logon.

The Network Information fields indicate where a remote logon request originated. Workstation name is not always available and may be left blank in some cases.

The authentication information fields provide detailed information about this specific logon request.
	- Transited services indicate which intermediate services have participated in this logon request.
	- Package name indicates which sub-protocol was used among the NTLM protocols.
	- Key length indicates the length of the generated session key. This will be 0 if no session key was requested.","Microsoft-Windows-Security-Auditing","System.String[]","4625","5/21/2025 8:26:04 AM","5/21/2025 8:26:04 AM",,,
"4625","prod-bill-srv","System.Byte[]","232234","(12544)","12544","FailureAudit","An account failed to log on.

Subject:
	Security ID:		S-1-0-0
	Account Name:		-
	Account Domain:		-
	Logon ID:		0x0

Logon Type:			3

Account For Which Logon Failed:
	Security ID:		S-1-0-0
	Account Name:		BGIBSON
	Account Domain:		

Failure Information:
	Failure Reason:		%%2313
	Status:			0xc000006d
	Sub Status:		0xc0000064

Process Information:
	Caller Process ID:	0x0
	Caller Process Name:	-

Network Information:
	Workstation Name:	-
	Source Network Address:	179.60.146.35
	Source Port:		0

Detailed Authentication Information:
	Logon Process:		NtLmSsp 
	Authentication Package:	NTLM
	Transited Services:	-
	Package Name (NTLM only):	-
	Key Length:		0

This event is generated when a logon request fails. It is generated on the computer where access was attempted.

The Subject fields indicate the account on the local system which requested the logon. This is most commonly a service such as the Server service, or a local process such as Winlogon.exe or Services.exe.

The Logon Type field indicates the kind of logon that was requested. The most common types are 2 (interactive) and 3 (network).

The Process Information fields indicate which account and process on the system requested the logon.

The Network Information fields indicate where a remote logon request originated. Workstation name is not always available and may be left blank in some cases.

The authentication information fields provide detailed information about this specific logon request.
	- Transited services indicate which intermediate services have participated in this logon request.
	- Package name indicates which sub-protocol was used among the NTLM protocols.
	- Key length indicates the length of the generated session key. This will be 0 if no session key was requested.","Microsoft-Windows-Security-Auditing","System.String[]","4625","5/21/2025 8:26:03 AM","5/21/2025 8:26:03 AM",,,
"4625","prod-bill-srv","System.Byte[]","232233","(12544)","12544","FailureAudit","An account failed to log on.

Subject:
	Security ID:		S-1-0-0
	Account Name:		-
	Account Domain:		-
	Logon ID:		0x0

Logon Type:			3

Account For Which Logon Failed:
	Security ID:		S-1-0-0
	Account Name:		MILFORD
	Account Domain:		

Failure Information:
	Failure Reason:		%%2313
	Status:			0xc000006d
	Sub Status:		0xc0000064

Process Information:
	Caller Process ID:	0x0
	Caller Process Name:	-

Network Information:
	Workstation Name:	-
	Source Network Address:	185.39.19.64
	Source Port:		0

Detailed Authentication Information:
	Logon Process:		NtLmSsp 
	Authentication Package:	NTLM
	Transited Services:	-
	Package Name (NTLM only):	-
	Key Length:		0

This event is generated when a logon request fails. It is generated on the computer where access was attempted.

The Subject fields indicate the account on the local system which requested the logon. This is most commonly a service such as the Server service, or a local process such as Winlogon.exe or Services.exe.

The Logon Type field indicates the kind of logon that was requested. The most common types are 2 (interactive) and 3 (network).

The Process Information fields indicate which account and process on the system requested the logon.

The Network Information fields indicate where a remote logon request originated. Workstation name is not always available and may be left blank in some cases.

The authentication information fields provide detailed information about this specific logon request.
	- Transited services indicate which intermediate services have participated in this logon request.
	- Package name indicates which sub-protocol was used among the NTLM protocols.
	- Key length indicates the length of the generated session key. This will be 0 if no session key was requested.","Microsoft-Windows-Security-Auditing","System.String[]","4625","5/21/2025 8:26:02 AM","5/21/2025 8:26:02 AM",,,
"4625","prod-bill-srv","System.Byte[]","232232","(12544)","12544","FailureAudit","An account failed to log on.

Subject:
	Security ID:		S-1-0-0
	Account Name:		-
	Account Domain:		-
	Logon ID:		0x0

Logon Type:			3

Account For Which Logon Failed:
	Security ID:		S-1-0-0
	Account Name:		SONEIL
	Account Domain:		

Failure Information:
	Failure Reason:		%%2313
	Status:			0xc000006d
	Sub Status:		0xc0000064

Process Information:
	Caller Process ID:	0x0
	Caller Process Name:	-

Network Information:
	Workstation Name:	-
	Source Network Address:	185.39.19.57
	Source Port:		0

Detailed Authentication Information:
	Logon Process:		NtLmSsp 
	Authentication Package:	NTLM
	Transited Services:	-
	Package Name (NTLM only):	-
	Key Length:		0

This event is generated when a logon request fails. It is generated on the computer where access was attempted.

The Subject fields indicate the account on the local system which requested the logon. This is most commonly a service such as the Server service, or a local process such as Winlogon.exe or Services.exe.

The Logon Type field indicates the kind of logon that was requested. The most common types are 2 (interactive) and 3 (network).

The Process Information fields indicate which account and process on the system requested the logon.

The Network Information fields indicate where a remote logon request originated. Workstation name is not always available and may be left blank in some cases.

The authentication information fields provide detailed information about this specific logon request.
	- Transited services indicate which intermediate services have participated in this logon request.
	- Package name indicates which sub-protocol was used among the NTLM protocols.
	- Key length indicates the length of the generated session key. This will be 0 if no session key was requested.","Microsoft-Windows-Security-Auditing","System.String[]","4625","5/21/2025 8:26:00 AM","5/21/2025 8:26:00 AM",,,
"4625","prod-bill-srv","System.Byte[]","232231","(12544)","12544","FailureAudit","An account failed to log on.

Subject:
	Security ID:		S-1-0-0
	Account Name:		-
	Account Domain:		-
	Logon ID:		0x0

Logon Type:			3

Account For Which Logon Failed:
	Security ID:		S-1-0-0
	Account Name:		Admin
	Account Domain:		PROD-BILL-SRV

Failure Information:
	Failure Reason:		%%2313
	Status:			0xc000006d
	Sub Status:		0xc0000064

Process Information:
	Caller Process ID:	0x0
	Caller Process Name:	-

Network Information:
	Workstation Name:	WIN-1J64VM0407C
	Source Network Address:	91.238.181.42
	Source Port:		0

Detailed Authentication Information:
	Logon Process:		NtLmSsp 
	Authentication Package:	NTLM
	Transited Services:	-
	Package Name (NTLM only):	-
	Key Length:		0

This event is generated when a logon request fails. It is generated on the computer where access was attempted.

The Subject fields indicate the account on the local system which requested the logon. This is most commonly a service such as the Server service, or a local process such as Winlogon.exe or Services.exe.

The Logon Type field indicates the kind of logon that was requested. The most common types are 2 (interactive) and 3 (network).

The Process Information fields indicate which account and process on the system requested the logon.

The Network Information fields indicate where a remote logon request originated. Workstation name is not always available and may be left blank in some cases.

The authentication information fields provide detailed information about this specific logon request.
	- Transited services indicate which intermediate services have participated in this logon request.
	- Package name indicates which sub-protocol was used among the NTLM protocols.
	- Key length indicates the length of the generated session key. This will be 0 if no session key was requested.","Microsoft-Windows-Security-Auditing","System.String[]","4625","5/21/2025 8:25:59 AM","5/21/2025 8:25:59 AM",,,
"4625","prod-bill-srv","System.Byte[]","232230","(12544)","12544","FailureAudit","An account failed to log on.

Subject:
	Security ID:		S-1-0-0
	Account Name:		-
	Account Domain:		-
	Logon ID:		0x0

Logon Type:			3

Account For Which Logon Failed:
	Security ID:		S-1-0-0
	Account Name:		Admin
	Account Domain:		PROD-BILL-SRV

Failure Information:
	Failure Reason:		%%2313
	Status:			0xc000006d
	Sub Status:		0xc0000064

Process Information:
	Caller Process ID:	0x0
	Caller Process Name:	-

Network Information:
	Workstation Name:	WIN-1J64VM0407C
	Source Network Address:	91.238.181.42
	Source Port:		0

Detailed Authentication Information:
	Logon Process:		NtLmSsp 
	Authentication Package:	NTLM
	Transited Services:	-
	Package Name (NTLM only):	-
	Key Length:		0

This event is generated when a logon request fails. It is generated on the computer where access was attempted.

The Subject fields indicate the account on the local system which requested the logon. This is most commonly a service such as the Server service, or a local process such as Winlogon.exe or Services.exe.

The Logon Type field indicates the kind of logon that was requested. The most common types are 2 (interactive) and 3 (network).

The Process Information fields indicate which account and process on the system requested the logon.

The Network Information fields indicate where a remote logon request originated. Workstation name is not always available and may be left blank in some cases.

The authentication information fields provide detailed information about this specific logon request.
	- Transited services indicate which intermediate services have participated in this logon request.
	- Package name indicates which sub-protocol was used among the NTLM protocols.
	- Key length indicates the length of the generated session key. This will be 0 if no session key was requested.","Microsoft-Windows-Security-Auditing","System.String[]","4625","5/21/2025 8:25:57 AM","5/21/2025 8:25:57 AM",,,
"4625","prod-bill-srv","System.Byte[]","232229","(12544)","12544","FailureAudit","An account failed to log on.

Subject:
	Security ID:		S-1-0-0
	Account Name:		-
	Account Domain:		-
	Logon ID:		0x0

Logon Type:			3

Account For Which Logon Failed:
	Security ID:		S-1-0-0
	Account Name:		ACRUZ
	Account Domain:		

Failure Information:
	Failure Reason:		%%2313
	Status:			0xc000006d
	Sub Status:		0xc0000064

Process Information:
	Caller Process ID:	0x0
	Caller Process Name:	-

Network Information:
	Workstation Name:	-
	Source Network Address:	179.60.146.34
	Source Port:		0

Detailed Authentication Information:
	Logon Process:		NtLmSsp 
	Authentication Package:	NTLM
	Transited Services:	-
	Package Name (NTLM only):	-
	Key Length:		0

This event is generated when a logon request fails. It is generated on the computer where access was attempted.

The Subject fields indicate the account on the local system which requested the logon. This is most commonly a service such as the Server service, or a local process such as Winlogon.exe or Services.exe.

The Logon Type field indicates the kind of logon that was requested. The most common types are 2 (interactive) and 3 (network).

The Process Information fields indicate which account and process on the system requested the logon.

The Network Information fields indicate where a remote logon request originated. Workstation name is not always available and may be left blank in some cases.

The authentication information fields provide detailed information about this specific logon request.
	- Transited services indicate which intermediate services have participated in this logon request.
	- Package name indicates which sub-protocol was used among the NTLM protocols.
	- Key length indicates the length of the generated session key. This will be 0 if no session key was requested.","Microsoft-Windows-Security-Auditing","System.String[]","4625","5/21/2025 8:25:57 AM","5/21/2025 8:25:57 AM",,,
"4625","prod-bill-srv","System.Byte[]","232228","(12544)","12544","FailureAudit","An account failed to log on.

Subject:
	Security ID:		S-1-0-0
	Account Name:		-
	Account Domain:		-
	Logon ID:		0x0

Logon Type:			3

Account For Which Logon Failed:
	Security ID:		S-1-0-0
	Account Name:		Admin
	Account Domain:		PROD-BILL-SRV

Failure Information:
	Failure Reason:		%%2313
	Status:			0xc000006d
	Sub Status:		0xc0000064

Process Information:
	Caller Process ID:	0x0
	Caller Process Name:	-

Network Information:
	Workstation Name:	WIN-1J64VM0407C
	Source Network Address:	91.238.181.42
	Source Port:		0

Detailed Authentication Information:
	Logon Process:		NtLmSsp 
	Authentication Package:	NTLM
	Transited Services:	-
	Package Name (NTLM only):	-
	Key Length:		0

This event is generated when a logon request fails. It is generated on the computer where access was attempted.

The Subject fields indicate the account on the local system which requested the logon. This is most commonly a service such as the Server service, or a local process such as Winlogon.exe or Services.exe.

The Logon Type field indicates the kind of logon that was requested. The most common types are 2 (interactive) and 3 (network).

The Process Information fields indicate which account and process on the system requested the logon.

The Network Information fields indicate where a remote logon request originated. Workstation name is not always available and may be left blank in some cases.

The authentication information fields provide detailed information about this specific logon request.
	- Transited services indicate which intermediate services have participated in this logon request.
	- Package name indicates which sub-protocol was used among the NTLM protocols.
	- Key length indicates the length of the generated session key. This will be 0 if no session key was requested.","Microsoft-Windows-Security-Auditing","System.String[]","4625","5/21/2025 8:25:54 AM","5/21/2025 8:25:54 AM",,,
